INFO:requests.packages.urllib3.connectionpool:Starting new HTTPS connection (1): csu-stan.alma.exlibrisgroup.com
DEBUG:requests.packages.urllib3.connectionpool:"GET /view/sru/01CALS_UST?version=1.2&operation=searchRetrieve&query=alma.all_for_ui=(OCoLC)801681545 HTTP/1.1" 200 None
INFO:requests.packages.urllib3.connectionpool:Starting new HTTPS connection (1): api-na.hosted.exlibrisgroup.com
DEBUG:requests.packages.urllib3.connectionpool:"GET /almaws/v1/bibs/991003567839802922/holdings?apikey=l7xxbb7c5218b15547488851bb02acbc2466 HTTP/1.1" 200 None
INFO:requests.packages.urllib3.connectionpool:Starting new HTTPS connection (1): api-na.hosted.exlibrisgroup.com
DEBUG:requests.packages.urllib3.connectionpool:"POST /almaws/v1/bibs/991003567839802922/holdings/2252729540002922/items?apikey=l7xxbb7c5218b15547488851bb02acbc2466 HTTP/1.1" 200 None
INFO:requests.packages.urllib3.connectionpool:Starting new HTTPS connection (1): csu-stan.alma.exlibrisgroup.com
DEBUG:requests.packages.urllib3.connectionpool:"GET /view/sru/01CALS_UST?version=1.2&operation=searchRetrieve&query=alma.all_for_ui=(OCoLC)801681545 HTTP/1.1" 200 None
INFO:requests.packages.urllib3.connectionpool:Starting new HTTPS connection (1): api-na.hosted.exlibrisgroup.com
DEBUG:requests.packages.urllib3.connectionpool:"GET /almaws/v1/bibs/991003567839802922/holdings?apikey=l7xxbb7c5218b15547488851bb02acbc2466 HTTP/1.1" 200 None
INFO:requests.packages.urllib3.connectionpool:Starting new HTTPS connection (1): api-na.hosted.exlibrisgroup.com
DEBUG:requests.packages.urllib3.connectionpool:"POST /almaws/v1/bibs/991003567839802922/holdings/2252729540002922/items?apikey=l7xxbb7c5218b15547488851bb02acbc2466 HTTP/1.1" 200 None
INFO:requests.packages.urllib3.connectionpool:Starting new HTTPS connection (1): csu-stan.alma.exlibrisgroup.com
DEBUG:requests.packages.urllib3.connectionpool:"GET /view/sru/01CALS_UST?version=1.2&operation=searchRetrieve&query=alma.all_for_ui=(OCoLC)801681545 HTTP/1.1" 200 None
INFO:requests.packages.urllib3.connectionpool:Starting new HTTPS connection (1): api-na.hosted.exlibrisgroup.com
DEBUG:requests.packages.urllib3.connectionpool:"GET /almaws/v1/bibs/991003567839802922/holdings?apikey=l7xxbb7c5218b15547488851bb02acbc2466 HTTP/1.1" 200 None
INFO:requests.packages.urllib3.connectionpool:Starting new HTTPS connection (1): api-na.hosted.exlibrisgroup.com
DEBUG:requests.packages.urllib3.connectionpool:"POST /almaws/v1/bibs/991003567839802922/holdings/2252729540002922/items?apikey=l7xxbb7c5218b15547488851bb02acbc2466 HTTP/1.1" 400 None
INFO:root:Failed to create item for: https://api-na.hosted.exlibrisgroup.com/almaws/v1/bibs/991003567839802922/holdings/2252729540002922/items?apikey=l7xxbb7c5218b15547488851bb02acbc2466
INFO:requests.packages.urllib3.connectionpool:Starting new HTTPS connection (1): csu-stan.alma.exlibrisgroup.com
DEBUG:requests.packages.urllib3.connectionpool:"GET /view/sru/01CALS_UST?version=1.2&operation=searchRetrieve&query=alma.all_for_ui=(OCoLC)801681545 HTTP/1.1" 200 None
INFO:requests.packages.urllib3.connectionpool:Starting new HTTPS connection (1): api-na.hosted.exlibrisgroup.com
DEBUG:requests.packages.urllib3.connectionpool:"GET /almaws/v1/bibs/991003567839802922/holdings?apikey=l7xxbb7c5218b15547488851bb02acbc2466 HTTP/1.1" 200 89
INFO:requests.packages.urllib3.connectionpool:Starting new HTTPS connection (1): api-na.hosted.exlibrisgroup.com
DEBUG:requests.packages.urllib3.connectionpool:"POST /almaws/v1/bibs/991003567839802922/holdings?apikey=l7xxbb7c5218b15547488851bb02acbc2466 HTTP/1.1" 200 None
INFO:requests.packages.urllib3.connectionpool:Starting new HTTPS connection (1): api-na.hosted.exlibrisgroup.com
DEBUG:requests.packages.urllib3.connectionpool:"POST /almaws/v1/bibs/991003567839802922/holdings/2252729500002922/items?apikey=l7xxbb7c5218b15547488851bb02acbc2466 HTTP/1.1" 200 None
INFO:requests.packages.urllib3.connectionpool:Starting new HTTPS connection (1): csu-stan.alma.exlibrisgroup.com
DEBUG:requests.packages.urllib3.connectionpool:"GET /view/sru/01CALS_UST?version=1.2&operation=searchRetrieve&query=alma.all_for_ui=(OCoLC)801681545 HTTP/1.1" 200 None
INFO:requests.packages.urllib3.connectionpool:Starting new HTTPS connection (1): api-na.hosted.exlibrisgroup.com
DEBUG:requests.packages.urllib3.connectionpool:"GET /almaws/v1/bibs/991003567839802922/holdings?apikey=l7xxbb7c5218b15547488851bb02acbc2466 HTTP/1.1" 200 89
INFO:requests.packages.urllib3.connectionpool:Starting new HTTPS connection (1): api-na.hosted.exlibrisgroup.com
DEBUG:requests.packages.urllib3.connectionpool:"POST /almaws/v1/bibs/991003567839802922/holdings?apikey=l7xxbb7c5218b15547488851bb02acbc2466 HTTP/1.1" 200 None
INFO:requests.packages.urllib3.connectionpool:Starting new HTTPS connection (1): api-na.hosted.exlibrisgroup.com
DEBUG:requests.packages.urllib3.connectionpool:"POST /almaws/v1/bibs/991003567839802922/holdings/2252739610002922/items?apikey=l7xxbb7c5218b15547488851bb02acbc2466 HTTP/1.1" 200 None
INFO:requests.packages.urllib3.connectionpool:Starting new HTTPS connection (1): csu-stan.alma.exlibrisgroup.com
DEBUG:requests.packages.urllib3.connectionpool:"GET /view/sru/01CALS_UST?version=1.2&operation=searchRetrieve&query=alma.all_for_ui=(OCoLC)801681545 HTTP/1.1" 200 None
INFO:requests.packages.urllib3.connectionpool:Starting new HTTPS connection (1): api-na.hosted.exlibrisgroup.com
DEBUG:requests.packages.urllib3.connectionpool:"GET /almaws/v1/bibs/991003567839802922/holdings?apikey=l7xxbb7c5218b15547488851bb02acbc2466 HTTP/1.1" 200 89
INFO:requests.packages.urllib3.connectionpool:Starting new HTTPS connection (1): api-na.hosted.exlibrisgroup.com
DEBUG:requests.packages.urllib3.connectionpool:"POST /almaws/v1/bibs/991003567839802922/holdings?apikey=l7xxbb7c5218b15547488851bb02acbc2466 HTTP/1.1" 200 None
INFO:requests.packages.urllib3.connectionpool:Starting new HTTPS connection (1): api-na.hosted.exlibrisgroup.com
DEBUG:requests.packages.urllib3.connectionpool:"POST /almaws/v1/bibs/991003567839802922/holdings/2252729470002922/items?apikey=l7xxbb7c5218b15547488851bb02acbc2466 HTTP/1.1" 200 None
INFO:requests.packages.urllib3.connectionpool:Starting new HTTPS connection (1): csu-stan.alma.exlibrisgroup.com
DEBUG:requests.packages.urllib3.connectionpool:"GET /view/sru/01CALS_UST?version=1.2&operation=searchRetrieve&query=alma.all_for_ui=(OCoLC)801681545 HTTP/1.1" 200 None
INFO:requests.packages.urllib3.connectionpool:Starting new HTTPS connection (1): api-na.hosted.exlibrisgroup.com
DEBUG:requests.packages.urllib3.connectionpool:"GET /almaws/v1/bibs/991003567839802922/holdings?apikey=l7xxbb7c5218b15547488851bb02acbc2466 HTTP/1.1" 200 None
INFO:requests.packages.urllib3.connectionpool:Starting new HTTPS connection (1): csu-stan.alma.exlibrisgroup.com
DEBUG:requests.packages.urllib3.connectionpool:"GET /view/sru/01CALS_UST?version=1.2&operation=searchRetrieve&query=alma.all_for_ui=(OCoLC)801681545 HTTP/1.1" 200 None
INFO:requests.packages.urllib3.connectionpool:Starting new HTTPS connection (1): api-na.hosted.exlibrisgroup.com
DEBUG:requests.packages.urllib3.connectionpool:"GET /almaws/v1/bibs/991003567839802922/holdings?apikey=l7xxbb7c5218b15547488851bb02acbc2466 HTTP/1.1" 200 None
INFO:requests.packages.urllib3.connectionpool:Starting new HTTPS connection (1): csu-stan.alma.exlibrisgroup.com
DEBUG:requests.packages.urllib3.connectionpool:"GET /view/sru/01CALS_UST?version=1.2&operation=searchRetrieve&query=alma.all_for_ui=(OCoLC)801681545 HTTP/1.1" 200 None
INFO:requests.packages.urllib3.connectionpool:Starting new HTTPS connection (1): api-na.hosted.exlibrisgroup.com
DEBUG:requests.packages.urllib3.connectionpool:"GET /almaws/v1/bibs/991003567839802922/holdings?apikey=l7xxbb7c5218b15547488851bb02acbc2466 HTTP/1.1" 200 None
INFO:requests.packages.urllib3.connectionpool:Starting new HTTPS connection (1): csu-stan.alma.exlibrisgroup.com
DEBUG:requests.packages.urllib3.connectionpool:"GET /view/sru/01CALS_UST?version=1.2&operation=searchRetrieve&query=alma.all_for_ui=(OCoLC)801681545 HTTP/1.1" 200 None
INFO:requests.packages.urllib3.connectionpool:Starting new HTTPS connection (1): api-na.hosted.exlibrisgroup.com
DEBUG:requests.packages.urllib3.connectionpool:"GET /almaws/v1/bibs/991003567839802922/holdings?apikey=l7xxbb7c5218b15547488851bb02acbc2466 HTTP/1.1" 200 None
INFO:requests.packages.urllib3.connectionpool:Starting new HTTPS connection (1): csu-stan.alma.exlibrisgroup.com
DEBUG:requests.packages.urllib3.connectionpool:"GET /view/sru/01CALS_UST?version=1.2&operation=searchRetrieve&query=alma.all_for_ui=(OCoLC)801681545 HTTP/1.1" 200 None
INFO:requests.packages.urllib3.connectionpool:Starting new HTTPS connection (1): api-na.hosted.exlibrisgroup.com
DEBUG:requests.packages.urllib3.connectionpool:"GET /almaws/v1/bibs/991003567839802922/holdings?apikey=l7xxbb7c5218b15547488851bb02acbc2466 HTTP/1.1" 200 None
INFO:requests.packages.urllib3.connectionpool:Starting new HTTPS connection (1): api-na.hosted.exlibrisgroup.com
DEBUG:requests.packages.urllib3.connectionpool:"POST /almaws/v1/bibs/991003567839802922/holdings/2252729470002922/items?apikey=l7xxbb7c5218b15547488851bb02acbc2466 HTTP/1.1" 200 None
INFO:requests.packages.urllib3.connectionpool:Starting new HTTPS connection (1): csu-stan.alma.exlibrisgroup.com
DEBUG:requests.packages.urllib3.connectionpool:"GET /view/sru/01CALS_UST?version=1.2&operation=searchRetrieve&query=alma.all_for_ui=(OCoLC)801681545 HTTP/1.1" 200 None
INFO:requests.packages.urllib3.connectionpool:Starting new HTTPS connection (1): api-na.hosted.exlibrisgroup.com
DEBUG:requests.packages.urllib3.connectionpool:"GET /almaws/v1/bibs/991003567839802922/holdings?apikey=l7xxbb7c5218b15547488851bb02acbc2466 HTTP/1.1" 200 None
INFO:requests.packages.urllib3.connectionpool:Starting new HTTPS connection (1): api-na.hosted.exlibrisgroup.com
DEBUG:requests.packages.urllib3.connectionpool:"POST /almaws/v1/bibs/991003567839802922/holdings/2252729470002922/items?apikey=l7xxbb7c5218b15547488851bb02acbc2466 HTTP/1.1" 200 None
INFO:requests.packages.urllib3.connectionpool:Starting new HTTPS connection (1): csu-stan.alma.exlibrisgroup.com
DEBUG:requests.packages.urllib3.connectionpool:"GET /view/sru/01CALS_UST?version=1.2&operation=searchRetrieve&query=alma.all_for_ui=(OCoLC)801681545 HTTP/1.1" 200 None
INFO:requests.packages.urllib3.connectionpool:Starting new HTTPS connection (1): api-na.hosted.exlibrisgroup.com
DEBUG:requests.packages.urllib3.connectionpool:"GET /almaws/v1/bibs/991003567839802922/holdings?apikey=l7xxbb7c5218b15547488851bb02acbc2466 HTTP/1.1" 200 None
INFO:requests.packages.urllib3.connectionpool:Starting new HTTPS connection (1): api-na.hosted.exlibrisgroup.com
DEBUG:requests.packages.urllib3.connectionpool:"POST /almaws/v1/bibs/991003567839802922/holdings/2252729470002922/items?apikey=l7xxbb7c5218b15547488851bb02acbc2466 HTTP/1.1" 200 None
INFO:requests.packages.urllib3.connectionpool:Starting new HTTPS connection (1): csu-stan.alma.exlibrisgroup.com
DEBUG:requests.packages.urllib3.connectionpool:"GET /view/sru/01CALS_UST?version=1.2&operation=searchRetrieve&query=alma.all_for_ui=(OCoLC)801681545 HTTP/1.1" 200 None
INFO:requests.packages.urllib3.connectionpool:Starting new HTTPS connection (1): api-na.hosted.exlibrisgroup.com
DEBUG:requests.packages.urllib3.connectionpool:"GET /almaws/v1/bibs/991003567839802922/holdings?apikey=l7xxbb7c5218b15547488851bb02acbc2466 HTTP/1.1" 200 None
INFO:requests.packages.urllib3.connectionpool:Starting new HTTPS connection (1): api-na.hosted.exlibrisgroup.com
DEBUG:requests.packages.urllib3.connectionpool:"POST /almaws/v1/bibs/991003567839802922/holdings/2252729470002922/items?apikey=l7xxbb7c5218b15547488851bb02acbc2466 HTTP/1.1" 200 None
INFO:requests.packages.urllib3.connectionpool:Starting new HTTPS connection (1): csu-stan.alma.exlibrisgroup.com
DEBUG:requests.packages.urllib3.connectionpool:"GET /view/sru/01CALS_UST?version=1.2&operation=searchRetrieve&query=alma.all_for_ui=(OCoLC)801681545 HTTP/1.1" 200 None
INFO:requests.packages.urllib3.connectionpool:Starting new HTTPS connection (1): api-na.hosted.exlibrisgroup.com
DEBUG:requests.packages.urllib3.connectionpool:"GET /almaws/v1/bibs/991003567839802922/holdings?apikey=l7xxbb7c5218b15547488851bb02acbc2466 HTTP/1.1" 200 None
INFO:requests.packages.urllib3.connectionpool:Starting new HTTPS connection (1): api-na.hosted.exlibrisgroup.com
DEBUG:requests.packages.urllib3.connectionpool:"POST /almaws/v1/bibs/991003567839802922/holdings/2252729470002922/items?apikey=l7xxbb7c5218b15547488851bb02acbc2466 HTTP/1.1" 200 None
INFO:requests.packages.urllib3.connectionpool:Starting new HTTPS connection (1): csu-stan.alma.exlibrisgroup.com
DEBUG:requests.packages.urllib3.connectionpool:"GET /view/sru/01CALS_UST?version=1.2&operation=searchRetrieve&query=alma.all_for_ui=(OCoLC)801681545 HTTP/1.1" 200 None
INFO:requests.packages.urllib3.connectionpool:Starting new HTTPS connection (1): api-na.hosted.exlibrisgroup.com
DEBUG:requests.packages.urllib3.connectionpool:"GET /almaws/v1/bibs/991003567839802922/holdings?apikey=l7xxbb7c5218b15547488851bb02acbc2466 HTTP/1.1" 200 None
INFO:requests.packages.urllib3.connectionpool:Starting new HTTPS connection (1): api-na.hosted.exlibrisgroup.com
DEBUG:requests.packages.urllib3.connectionpool:"POST /almaws/v1/bibs/991003567839802922/holdings/2252729470002922/items?apikey=l7xxbb7c5218b15547488851bb02acbc2466 HTTP/1.1" 200 None
INFO:requests.packages.urllib3.connectionpool:Starting new HTTPS connection (1): csu-stan.alma.exlibrisgroup.com
DEBUG:requests.packages.urllib3.connectionpool:"GET /view/sru/01CALS_UST?version=1.2&operation=searchRetrieve&query=alma.all_for_ui=(OCoLC)801681545 HTTP/1.1" 200 None
INFO:requests.packages.urllib3.connectionpool:Starting new HTTPS connection (1): api-na.hosted.exlibrisgroup.com
DEBUG:requests.packages.urllib3.connectionpool:"GET /almaws/v1/bibs/991003567839802922/holdings?apikey=l7xxbb7c5218b15547488851bb02acbc2466 HTTP/1.1" 200 None
INFO:requests.packages.urllib3.connectionpool:Starting new HTTPS connection (1): api-na.hosted.exlibrisgroup.com
DEBUG:requests.packages.urllib3.connectionpool:"POST /almaws/v1/bibs/991003567839802922/holdings/2252729470002922/items?apikey=l7xxbb7c5218b15547488851bb02acbc2466 HTTP/1.1" 200 None
INFO:requests.packages.urllib3.connectionpool:Starting new HTTPS connection (1): csu-stan.alma.exlibrisgroup.com
DEBUG:requests.packages.urllib3.connectionpool:"GET /view/sru/01CALS_UST?version=1.2&operation=searchRetrieve&query=alma.all_for_ui=(OCoLC)801681545 HTTP/1.1" 200 None
INFO:requests.packages.urllib3.connectionpool:Starting new HTTPS connection (1): api-na.hosted.exlibrisgroup.com
DEBUG:requests.packages.urllib3.connectionpool:"GET /almaws/v1/bibs/991003567839802922/holdings?apikey=l7xxbb7c5218b15547488851bb02acbc2466 HTTP/1.1" 200 None
INFO:requests.packages.urllib3.connectionpool:Starting new HTTPS connection (1): api-na.hosted.exlibrisgroup.com
DEBUG:requests.packages.urllib3.connectionpool:"POST /almaws/v1/bibs/991003567839802922/holdings/2252729470002922/items?apikey=l7xxbb7c5218b15547488851bb02acbc2466 HTTP/1.1" 200 None
INFO:requests.packages.urllib3.connectionpool:Starting new HTTPS connection (1): csu-stan.alma.exlibrisgroup.com
DEBUG:requests.packages.urllib3.connectionpool:"GET /view/sru/01CALS_UST?version=1.2&operation=searchRetrieve&query=alma.all_for_ui=(OCoLC)801681545 HTTP/1.1" 200 None
INFO:requests.packages.urllib3.connectionpool:Starting new HTTPS connection (1): api-na.hosted.exlibrisgroup.com
DEBUG:requests.packages.urllib3.connectionpool:"GET /almaws/v1/bibs/991003567839802922/holdings?apikey=l7xxbb7c5218b15547488851bb02acbc2466 HTTP/1.1" 200 None
INFO:requests.packages.urllib3.connectionpool:Starting new HTTPS connection (1): api-na.hosted.exlibrisgroup.com
DEBUG:requests.packages.urllib3.connectionpool:"POST /almaws/v1/bibs/991003567839802922/holdings/2252729470002922/items?apikey=l7xxbb7c5218b15547488851bb02acbc2466 HTTP/1.1" 200 None
INFO:requests.packages.urllib3.connectionpool:Starting new HTTPS connection (1): csu-stan.alma.exlibrisgroup.com
DEBUG:requests.packages.urllib3.connectionpool:"GET /view/sru/01CALS_UST?version=1.2&operation=searchRetrieve&query=alma.all_for_ui=(OCoLC)801681545 HTTP/1.1" 200 None
INFO:requests.packages.urllib3.connectionpool:Starting new HTTPS connection (1): api-na.hosted.exlibrisgroup.com
DEBUG:requests.packages.urllib3.connectionpool:"GET /almaws/v1/bibs/991003567839802922/holdings?apikey=l7xxbb7c5218b15547488851bb02acbc2466 HTTP/1.1" 200 None
INFO:requests.packages.urllib3.connectionpool:Starting new HTTPS connection (1): csu-stan.alma.exlibrisgroup.com
DEBUG:requests.packages.urllib3.connectionpool:"GET /view/sru/01CALS_UST?version=1.2&operation=searchRetrieve&query=alma.all_for_ui=(OCoLC)801681545 HTTP/1.1" 200 None
INFO:requests.packages.urllib3.connectionpool:Starting new HTTPS connection (1): api-na.hosted.exlibrisgroup.com
DEBUG:requests.packages.urllib3.connectionpool:"GET /almaws/v1/bibs/991003567839802922/holdings?apikey=l7xxbb7c5218b15547488851bb02acbc2466 HTTP/1.1" 200 None
INFO:requests.packages.urllib3.connectionpool:Starting new HTTPS connection (1): csu-stan.alma.exlibrisgroup.com
DEBUG:requests.packages.urllib3.connectionpool:"GET /view/sru/01CALS_UST?version=1.2&operation=searchRetrieve&query=alma.all_for_ui=(OCoLC)801681545 HTTP/1.1" 200 None
INFO:requests.packages.urllib3.connectionpool:Starting new HTTPS connection (1): api-na.hosted.exlibrisgroup.com
DEBUG:requests.packages.urllib3.connectionpool:"GET /almaws/v1/bibs/991003567839802922/holdings?apikey=l7xxbb7c5218b15547488851bb02acbc2466 HTTP/1.1" 200 None
INFO:requests.packages.urllib3.connectionpool:Starting new HTTPS connection (1): csu-stan.alma.exlibrisgroup.com
DEBUG:requests.packages.urllib3.connectionpool:"GET /view/sru/01CALS_UST?version=1.2&operation=searchRetrieve&query=alma.all_for_ui=(OCoLC)801681545 HTTP/1.1" 200 None
INFO:requests.packages.urllib3.connectionpool:Starting new HTTPS connection (1): api-na.hosted.exlibrisgroup.com
DEBUG:requests.packages.urllib3.connectionpool:"GET /almaws/v1/bibs/991003567839802922/holdings?apikey=l7xxbb7c5218b15547488851bb02acbc2466 HTTP/1.1" 200 None
INFO:requests.packages.urllib3.connectionpool:Starting new HTTPS connection (1): csu-stan.alma.exlibrisgroup.com
DEBUG:requests.packages.urllib3.connectionpool:"GET /view/sru/01CALS_UST?version=1.2&operation=searchRetrieve&query=alma.all_for_ui=(OCoLC)801681545 HTTP/1.1" 200 None
INFO:requests.packages.urllib3.connectionpool:Starting new HTTPS connection (1): api-na.hosted.exlibrisgroup.com
DEBUG:requests.packages.urllib3.connectionpool:"GET /almaws/v1/bibs/991003567839802922/holdings?apikey=l7xxbb7c5218b15547488851bb02acbc2466 HTTP/1.1" 200 None
INFO:requests.packages.urllib3.connectionpool:Starting new HTTPS connection (1): csu-stan.alma.exlibrisgroup.com
DEBUG:requests.packages.urllib3.connectionpool:"GET /view/sru/01CALS_UST?version=1.2&operation=searchRetrieve&query=alma.all_for_ui=(OCoLC)801681545 HTTP/1.1" 200 None
INFO:requests.packages.urllib3.connectionpool:Starting new HTTPS connection (1): api-na.hosted.exlibrisgroup.com
DEBUG:requests.packages.urllib3.connectionpool:"GET /almaws/v1/bibs/991003567839802922/holdings?apikey=l7xxbb7c5218b15547488851bb02acbc2466 HTTP/1.1" 200 None
INFO:requests.packages.urllib3.connectionpool:Starting new HTTPS connection (1): api-na.hosted.exlibrisgroup.com
DEBUG:requests.packages.urllib3.connectionpool:"POST /almaws/v1/bibs/991003567839802922/holdings/2252729470002922/items?apikey=l7xxbb7c5218b15547488851bb02acbc2466 HTTP/1.1" 200 None
INFO:requests.packages.urllib3.connectionpool:Starting new HTTPS connection (1): csu-stan.alma.exlibrisgroup.com
DEBUG:requests.packages.urllib3.connectionpool:"GET /view/sru/01CALS_UST?version=1.2&operation=searchRetrieve&query=alma.all_for_ui=(OCoLC)801681545 HTTP/1.1" 200 None
INFO:requests.packages.urllib3.connectionpool:Starting new HTTPS connection (1): api-na.hosted.exlibrisgroup.com
DEBUG:requests.packages.urllib3.connectionpool:"GET /almaws/v1/bibs/991003567839802922/holdings?apikey=l7xxbb7c5218b15547488851bb02acbc2466 HTTP/1.1" 200 None
INFO:requests.packages.urllib3.connectionpool:Starting new HTTPS connection (1): api-na.hosted.exlibrisgroup.com
DEBUG:requests.packages.urllib3.connectionpool:"POST /almaws/v1/bibs/991003567839802922/holdings/2252729470002922/items?apikey=l7xxbb7c5218b15547488851bb02acbc2466 HTTP/1.1" 200 None
INFO:requests.packages.urllib3.connectionpool:Starting new HTTPS connection (1): csu-stan.alma.exlibrisgroup.com
DEBUG:requests.packages.urllib3.connectionpool:"GET /view/sru/01CALS_UST?version=1.2&operation=searchRetrieve&query=alma.all_for_ui=(OCoLC)801681545 HTTP/1.1" 200 None
INFO:requests.packages.urllib3.connectionpool:Starting new HTTPS connection (1): api-na.hosted.exlibrisgroup.com
DEBUG:requests.packages.urllib3.connectionpool:"GET /almaws/v1/bibs/991003567839802922/holdings?apikey=l7xxbb7c5218b15547488851bb02acbc2466 HTTP/1.1" 200 None
INFO:requests.packages.urllib3.connectionpool:Starting new HTTPS connection (1): api-na.hosted.exlibrisgroup.com
DEBUG:requests.packages.urllib3.connectionpool:"POST /almaws/v1/bibs/991003567839802922/holdings/2252729470002922/items?apikey=l7xxbb7c5218b15547488851bb02acbc2466 HTTP/1.1" 200 None
INFO:requests.packages.urllib3.connectionpool:Starting new HTTPS connection (1): csu-stan.alma.exlibrisgroup.com
DEBUG:requests.packages.urllib3.connectionpool:"GET /view/sru/01CALS_UST?version=1.2&operation=searchRetrieve&query=alma.all_for_ui=(OCoLC)801681545 HTTP/1.1" 200 None
INFO:requests.packages.urllib3.connectionpool:Starting new HTTPS connection (1): api-na.hosted.exlibrisgroup.com
DEBUG:requests.packages.urllib3.connectionpool:"GET /almaws/v1/bibs/991003567839802922/holdings?apikey=l7xxbb7c5218b15547488851bb02acbc2466 HTTP/1.1" 200 None
INFO:requests.packages.urllib3.connectionpool:Starting new HTTPS connection (1): csu-stan.alma.exlibrisgroup.com
DEBUG:requests.packages.urllib3.connectionpool:"GET /view/sru/01CALS_UST?version=1.2&operation=searchRetrieve&query=alma.all_for_ui=(OCoLC)801681545 HTTP/1.1" 200 None
INFO:requests.packages.urllib3.connectionpool:Starting new HTTPS connection (1): api-na.hosted.exlibrisgroup.com
DEBUG:requests.packages.urllib3.connectionpool:"GET /almaws/v1/bibs/991003567839802922/holdings?apikey=l7xxbb7c5218b15547488851bb02acbc2466 HTTP/1.1" 200 None
INFO:requests.packages.urllib3.connectionpool:Starting new HTTPS connection (1): api-na.hosted.exlibrisgroup.com
DEBUG:requests.packages.urllib3.connectionpool:"POST /almaws/v1/bibs/991003567839802922/holdings/2252729470002922/items?apikey=l7xxbb7c5218b15547488851bb02acbc2466 HTTP/1.1" 400 None
INFO:root:Failed to create item for: https://api-na.hosted.exlibrisgroup.com/almaws/v1/bibs/991003567839802922/holdings/2252729470002922/items?apikey=l7xxbb7c5218b15547488851bb02acbc2466
INFO:requests.packages.urllib3.connectionpool:Starting new HTTPS connection (1): csu-stan.alma.exlibrisgroup.com
DEBUG:requests.packages.urllib3.connectionpool:"GET /view/sru/01CALS_UST?version=1.2&operation=searchRetrieve&query=alma.all_for_ui=(OCoLC)801681545 HTTP/1.1" 200 None
INFO:requests.packages.urllib3.connectionpool:Starting new HTTPS connection (1): api-na.hosted.exlibrisgroup.com
DEBUG:requests.packages.urllib3.connectionpool:"GET /almaws/v1/bibs/991003567839802922/holdings?apikey=l7xxbb7c5218b15547488851bb02acbc2466 HTTP/1.1" 200 None
INFO:requests.packages.urllib3.connectionpool:Starting new HTTPS connection (1): api-na.hosted.exlibrisgroup.com
DEBUG:requests.packages.urllib3.connectionpool:"POST /almaws/v1/bibs/991003567839802922/holdings/2252729470002922/items?apikey=l7xxbb7c5218b15547488851bb02acbc2466 HTTP/1.1" 400 None
INFO:root:Failed to create item for: https://api-na.hosted.exlibrisgroup.com/almaws/v1/bibs/991003567839802922/holdings/2252729470002922/items?apikey=l7xxbb7c5218b15547488851bb02acbc2466
INFO:requests.packages.urllib3.connectionpool:Starting new HTTPS connection (1): csu-stan.alma.exlibrisgroup.com
DEBUG:requests.packages.urllib3.connectionpool:"GET /view/sru/01CALS_UST?version=1.2&operation=searchRetrieve&query=alma.all_for_ui=(OCoLC)801681545 HTTP/1.1" 200 None
INFO:requests.packages.urllib3.connectionpool:Starting new HTTPS connection (1): api-na.hosted.exlibrisgroup.com
DEBUG:requests.packages.urllib3.connectionpool:"GET /almaws/v1/bibs/991003567839802922/holdings?apikey=l7xxbb7c5218b15547488851bb02acbc2466 HTTP/1.1" 200 None
INFO:requests.packages.urllib3.connectionpool:Starting new HTTPS connection (1): api-na.hosted.exlibrisgroup.com
DEBUG:requests.packages.urllib3.connectionpool:"POST /almaws/v1/bibs/991003567839802922/holdings/2252729470002922/items?apikey=l7xxbb7c5218b15547488851bb02acbc2466 HTTP/1.1" 200 None
INFO:requests.packages.urllib3.connectionpool:Starting new HTTPS connection (1): csu-stan.alma.exlibrisgroup.com
DEBUG:requests.packages.urllib3.connectionpool:"GET /view/sru/01CALS_UST?version=1.2&operation=searchRetrieve&query=alma.all_for_ui=(OCoLC)801681545 HTTP/1.1" 200 None
INFO:requests.packages.urllib3.connectionpool:Starting new HTTPS connection (1): api-na.hosted.exlibrisgroup.com
DEBUG:requests.packages.urllib3.connectionpool:"GET /almaws/v1/bibs/991003567839802922/holdings?apikey=l7xxbb7c5218b15547488851bb02acbc2466 HTTP/1.1" 200 None
INFO:requests.packages.urllib3.connectionpool:Starting new HTTPS connection (1): api-na.hosted.exlibrisgroup.com
DEBUG:requests.packages.urllib3.connectionpool:"POST /almaws/v1/bibs/991003567839802922/holdings/2252729470002922/items?apikey=l7xxbb7c5218b15547488851bb02acbc2466 HTTP/1.1" 200 None
INFO:requests.packages.urllib3.connectionpool:Starting new HTTPS connection (1): csu-stan.alma.exlibrisgroup.com
DEBUG:requests.packages.urllib3.connectionpool:"GET /view/sru/01CALS_UST?version=1.2&operation=searchRetrieve&query=alma.all_for_ui=(OCoLC)801681545 HTTP/1.1" 200 None
INFO:requests.packages.urllib3.connectionpool:Starting new HTTPS connection (1): api-na.hosted.exlibrisgroup.com
DEBUG:requests.packages.urllib3.connectionpool:"GET /almaws/v1/bibs/991003567839802922/holdings?apikey=l7xxbb7c5218b15547488851bb02acbc2466 HTTP/1.1" 200 None
INFO:requests.packages.urllib3.connectionpool:Starting new HTTPS connection (1): api-na.hosted.exlibrisgroup.com
DEBUG:requests.packages.urllib3.connectionpool:"POST /almaws/v1/bibs/991003567839802922/holdings/2252729470002922/items?apikey=l7xxbb7c5218b15547488851bb02acbc2466 HTTP/1.1" 200 None
INFO:requests.packages.urllib3.connectionpool:Starting new HTTPS connection (1): csu-stan.alma.exlibrisgroup.com
DEBUG:requests.packages.urllib3.connectionpool:"GET /view/sru/01CALS_UST?version=1.2&operation=searchRetrieve&query=alma.all_for_ui=(OCoLC)801681545 HTTP/1.1" 200 None
INFO:requests.packages.urllib3.connectionpool:Starting new HTTPS connection (1): api-na.hosted.exlibrisgroup.com
DEBUG:requests.packages.urllib3.connectionpool:"GET /almaws/v1/bibs/991003567839802922/holdings?apikey=l7xxbb7c5218b15547488851bb02acbc2466 HTTP/1.1" 200 None
INFO:requests.packages.urllib3.connectionpool:Starting new HTTPS connection (1): api-na.hosted.exlibrisgroup.com
DEBUG:requests.packages.urllib3.connectionpool:"POST /almaws/v1/bibs/991003567839802922/holdings/2252729470002922/items?apikey=l7xxbb7c5218b15547488851bb02acbc2466 HTTP/1.1" 200 None
INFO:requests.packages.urllib3.connectionpool:Starting new HTTPS connection (1): csu-stan.alma.exlibrisgroup.com
DEBUG:requests.packages.urllib3.connectionpool:"GET /view/sru/01CALS_UST?version=1.2&operation=searchRetrieve&query=alma.all_for_ui=(OCoLC)801681545 HTTP/1.1" 200 None
INFO:requests.packages.urllib3.connectionpool:Starting new HTTPS connection (1): api-na.hosted.exlibrisgroup.com
DEBUG:requests.packages.urllib3.connectionpool:"GET /almaws/v1/bibs/991003567839802922/holdings?apikey=l7xxbb7c5218b15547488851bb02acbc2466 HTTP/1.1" 200 None
INFO:requests.packages.urllib3.connectionpool:Starting new HTTPS connection (1): api-na.hosted.exlibrisgroup.com
DEBUG:requests.packages.urllib3.connectionpool:"POST /almaws/v1/bibs/991003567839802922/holdings/2252729470002922/items?apikey=l7xxbb7c5218b15547488851bb02acbc2466 HTTP/1.1" 200 None
INFO:requests.packages.urllib3.connectionpool:Starting new HTTPS connection (1): csu-stan.alma.exlibrisgroup.com
DEBUG:requests.packages.urllib3.connectionpool:"GET /view/sru/01CALS_UST?version=1.2&operation=searchRetrieve&query=alma.all_for_ui=(OCoLC)801681545 HTTP/1.1" 200 None
INFO:requests.packages.urllib3.connectionpool:Starting new HTTPS connection (1): api-na.hosted.exlibrisgroup.com
DEBUG:requests.packages.urllib3.connectionpool:"GET /almaws/v1/bibs/991003567839802922/holdings?apikey=l7xxbb7c5218b15547488851bb02acbc2466 HTTP/1.1" 200 None
INFO:requests.packages.urllib3.connectionpool:Starting new HTTPS connection (1): api-na.hosted.exlibrisgroup.com
DEBUG:requests.packages.urllib3.connectionpool:"POST /almaws/v1/bibs/991003567839802922/holdings/2252729470002922/items?apikey=l7xxbb7c5218b15547488851bb02acbc2466 HTTP/1.1" 200 None
